
> fedapp@0.1.0 start /Users/chiragjain/Documents/github/fedapp
> react-scripts start

Starting the development server...

Compiled successfully!

You can now view fedapp in the browser.

  Local:            http://localhost:3000/
  On Your Network:  http://192.168.0.7:3000/

Note that the development build is not optimized.
To create a production build, use npm run build.

Compiling...
Compiled with warnings.

./src/App.js
  Line 2:  'fire' is defined but never used  no-unused-vars

Search for the keywords to learn more about each warning.
To ignore, add // eslint-disable-next-line to the line before.

Compiling...
Compiled with warnings.

./src/App.js
  Line 2:  'fire' is defined but never used  no-unused-vars

Search for the keywords to learn more about each warning.
To ignore, add // eslint-disable-next-line to the line before.

Compiling...
Compiled with warnings.

./src/App.js
  Line 2:  'fire' is defined but never used  no-unused-vars

Search for the keywords to learn more about each warning.
To ignore, add // eslint-disable-next-line to the line before.

Compiling...
Compiled with warnings.

./src/App.js
  Line 2:  'fire' is defined but never used  no-unused-vars

Search for the keywords to learn more about each warning.
To ignore, add // eslint-disable-next-line to the line before.

Compiling...
Compiled with warnings.

./src/App.js
  Line 2:  'fire' is defined but never used  no-unused-vars

Search for the keywords to learn more about each warning.
To ignore, add // eslint-disable-next-line to the line before.

Failed to compile.

./src/App.css
Module build failed: Error: ENOENT: no such file or directory, open '/Users/chiragjain/Documents/github/fedapp/src/App.css'
Compiling...
Compiled with warnings.

./src/App.js
  Line 2:  'fire' is defined but never used  no-unused-vars
  Line 3:  'logo' is defined but never used  no-unused-vars

Search for the keywords to learn more about each warning.
To ignore, add // eslint-disable-next-line to the line before.

Compiling...
Compiled with warnings.

./src/App.js
  Line 2:  'fire' is defined but never used  no-unused-vars
  Line 3:  'logo' is defined but never used  no-unused-vars

Search for the keywords to learn more about each warning.
To ignore, add // eslint-disable-next-line to the line before.

Compiling...
Compiled with warnings.

./src/App.js
  Line 2:  'fire' is defined but never used  no-unused-vars
  Line 3:  'logo' is defined but never used  no-unused-vars

Search for the keywords to learn more about each warning.
To ignore, add // eslint-disable-next-line to the line before.

Compiling...
Compiled with warnings.

./src/App.js
  Line 2:  'fire' is defined but never used  no-unused-vars
  Line 3:  'logo' is defined but never used  no-unused-vars

Search for the keywords to learn more about each warning.
To ignore, add // eslint-disable-next-line to the line before.

Compiling...
Compiled with warnings.

./src/App.js
  Line 2:  'fire' is defined but never used  no-unused-vars
  Line 3:  'logo' is defined but never used  no-unused-vars

Search for the keywords to learn more about each warning.
To ignore, add // eslint-disable-next-line to the line before.

Compiling...
Compiled with warnings.

./src/App.js
  Line 2:  'fire' is defined but never used  no-unused-vars
  Line 3:  'logo' is defined but never used  no-unused-vars

Search for the keywords to learn more about each warning.
To ignore, add // eslint-disable-next-line to the line before.

Compiling...
Compiled with warnings.

./src/App.js
  Line 2:  'fire' is defined but never used  no-unused-vars
  Line 3:  'logo' is defined but never used  no-unused-vars

Search for the keywords to learn more about each warning.
To ignore, add // eslint-disable-next-line to the line before.

Compiling...
Compiled with warnings.

./src/App.js
  Line 2:  'fire' is defined but never used  no-unused-vars
  Line 3:  'logo' is defined but never used  no-unused-vars

Search for the keywords to learn more about each warning.
To ignore, add // eslint-disable-next-line to the line before.

Compiling...
Compiled with warnings.

./src/App.js
  Line 2:  'fire' is defined but never used  no-unused-vars
  Line 3:  'logo' is defined but never used  no-unused-vars

Search for the keywords to learn more about each warning.
To ignore, add // eslint-disable-next-line to the line before.

Compiling...
Compiled with warnings.

./src/App.js
  Line 2:  'fire' is defined but never used  no-unused-vars
  Line 3:  'logo' is defined but never used  no-unused-vars

Search for the keywords to learn more about each warning.
To ignore, add // eslint-disable-next-line to the line before.

Compiling...
Compiled with warnings.

./src/App.js
  Line 2:  'fire' is defined but never used  no-unused-vars
  Line 3:  'logo' is defined but never used  no-unused-vars

Search for the keywords to learn more about each warning.
To ignore, add // eslint-disable-next-line to the line before.

Compiling...
Compiled with warnings.

./src/App.js
  Line 2:  'fire' is defined but never used  no-unused-vars
  Line 3:  'logo' is defined but never used  no-unused-vars

Search for the keywords to learn more about each warning.
To ignore, add // eslint-disable-next-line to the line before.

Compiling...
Compiled with warnings.

./src/App.js
  Line 2:  'fire' is defined but never used  no-unused-vars
  Line 3:  'logo' is defined but never used  no-unused-vars

Search for the keywords to learn more about each warning.
To ignore, add // eslint-disable-next-line to the line before.

Compiling...
Compiled with warnings.

./src/App.js
  Line 2:  'fire' is defined but never used  no-unused-vars
  Line 3:  'logo' is defined but never used  no-unused-vars

Search for the keywords to learn more about each warning.
To ignore, add // eslint-disable-next-line to the line before.

Compiling...
Compiled with warnings.

./src/App.js
  Line 2:  'fire' is defined but never used  no-unused-vars
  Line 3:  'logo' is defined but never used  no-unused-vars

Search for the keywords to learn more about each warning.
To ignore, add // eslint-disable-next-line to the line before.

Compiling...
Failed to compile.

./src/index.js
Module not found: Can't resolve 'jquery/dist/jquery.min.jss' in '/Users/chiragjain/Documents/github/fedapp/src'
Compiling...
Failed to compile.

./src/index.js
Module not found: Can't resolve 'jquery/dist/jquery.min.jss' in '/Users/chiragjain/Documents/github/fedapp/src'
Compiling...
Compiled with warnings.

./src/App.js
  Line 2:  'fire' is defined but never used  no-unused-vars
  Line 3:  'logo' is defined but never used  no-unused-vars

Search for the keywords to learn more about each warning.
To ignore, add // eslint-disable-next-line to the line before.

Compiling...
Compiled with warnings.

./src/App.js
  Line 2:  'fire' is defined but never used  no-unused-vars
  Line 3:  'logo' is defined but never used  no-unused-vars

Search for the keywords to learn more about each warning.
To ignore, add // eslint-disable-next-line to the line before.

Compiling...
Compiled with warnings.

./src/App.js
  Line 2:  'fire' is defined but never used  no-unused-vars
  Line 3:  'logo' is defined but never used  no-unused-vars

Search for the keywords to learn more about each warning.
To ignore, add // eslint-disable-next-line to the line before.

Compiling...
Compiled with warnings.

./src/App.js
  Line 2:  'fire' is defined but never used  no-unused-vars
  Line 3:  'logo' is defined but never used  no-unused-vars

Search for the keywords to learn more about each warning.
To ignore, add // eslint-disable-next-line to the line before.

Compiling...
Compiled with warnings.

./src/index.js
  Line 1:  '$' is defined but never used  no-unused-vars

./src/App.js
  Line 2:  'fire' is defined but never used  no-unused-vars
  Line 3:  'logo' is defined but never used  no-unused-vars

Search for the keywords to learn more about each warning.
To ignore, add // eslint-disable-next-line to the line before.

Compiling...
Compiled with warnings.

./src/index.js
  Line 1:  '$' is defined but never used                   no-unused-vars
  Line 8:  'bootstrap' is assigned a value but never used  no-unused-vars

./src/App.js
  Line 2:  'fire' is defined but never used  no-unused-vars
  Line 3:  'logo' is defined but never used  no-unused-vars

Search for the keywords to learn more about each warning.
To ignore, add // eslint-disable-next-line to the line before.

Compiling...
Compiled with warnings.

./src/index.js
  Line 8:  'bootstrap' is assigned a value but never used  no-unused-vars

./src/App.js
  Line 2:  'fire' is defined but never used  no-unused-vars
  Line 3:  'logo' is defined but never used  no-unused-vars

Search for the keywords to learn more about each warning.
To ignore, add // eslint-disable-next-line to the line before.

Compiling...
Compiled with warnings.

./src/index.js
  Line 12:  'bootstrap' is assigned a value but never used  no-unused-vars

./src/App.js
  Line 2:  'fire' is defined but never used  no-unused-vars
  Line 3:  'logo' is defined but never used  no-unused-vars

Search for the keywords to learn more about each warning.
To ignore, add // eslint-disable-next-line to the line before.

Compiling...
Compiled with warnings.

./src/index.js
  Line 12:  'bootstrap' is assigned a value but never used  no-unused-vars

./src/App.js
  Line 2:  'fire' is defined but never used  no-unused-vars
  Line 3:  'logo' is defined but never used  no-unused-vars

Search for the keywords to learn more about each warning.
To ignore, add // eslint-disable-next-line to the line before.

Compiling...
Failed to compile.

./src/index.js
  Line 13:  Import in body of module; reorder to top  import/first

Search for the keywords to learn more about each error.
Compiling...
Compiled with warnings.

./src/index.js
  Line 12:  'bootstrap' is assigned a value but never used  no-unused-vars

./src/App.js
  Line 2:  'fire' is defined but never used  no-unused-vars
  Line 3:  'logo' is defined but never used  no-unused-vars

Search for the keywords to learn more about each warning.
To ignore, add // eslint-disable-next-line to the line before.

Compiling...
Failed to compile.

./src/App.js
Syntax error: Unterminated JSX contents (21:11)

  19 | 								<button type="button" className="btn btn-primary">Afternoon</button>
  20 | 							</div>
> 21 | 					</div>
     | 					      ^
  22 |     );
  23 |   }
  24 | }
Compiling...
Failed to compile.

./src/App.js
Syntax error: Unterminated JSX contents (21:11)

  19 | 								<button type="button" className="btn btn-primary">Afternoon</button>
  20 | 							</div>
> 21 | 					</div>
     | 					      ^
  22 |     );
  23 |   }
  24 | }
Compiling...
Compiled with warnings.

./src/index.js
  Line 12:  'bootstrap' is assigned a value but never used  no-unused-vars

./src/App.js
  Line 2:  'fire' is defined but never used  no-unused-vars
  Line 3:  'logo' is defined but never used  no-unused-vars

Search for the keywords to learn more about each warning.
To ignore, add // eslint-disable-next-line to the line before.

Compiling...
Compiled with warnings.

./src/index.js
  Line 12:  'bootstrap' is assigned a value but never used  no-unused-vars

./src/App.js
  Line 2:  'fire' is defined but never used  no-unused-vars
  Line 3:  'logo' is defined but never used  no-unused-vars

Search for the keywords to learn more about each warning.
To ignore, add // eslint-disable-next-line to the line before.

Compiling...
Compiled with warnings.

./src/index.js
  Line 12:  'bootstrap' is assigned a value but never used  no-unused-vars

./src/App.js
  Line 2:  'fire' is defined but never used  no-unused-vars
  Line 3:  'logo' is defined but never used  no-unused-vars

Search for the keywords to learn more about each warning.
To ignore, add // eslint-disable-next-line to the line before.

Compiling...
Compiled with warnings.

./src/index.js
  Line 12:  'bootstrap' is assigned a value but never used  no-unused-vars

./src/App.js
  Line 2:  'fire' is defined but never used  no-unused-vars
  Line 3:  'logo' is defined but never used  no-unused-vars

Search for the keywords to learn more about each warning.
To ignore, add // eslint-disable-next-line to the line before.

Compiling...
Compiled with warnings.

./src/index.js
  Line 12:  'bootstrap' is assigned a value but never used  no-unused-vars

./src/App.js
  Line 2:  'fire' is defined but never used  no-unused-vars
  Line 3:  'logo' is defined but never used  no-unused-vars

Search for the keywords to learn more about each warning.
To ignore, add // eslint-disable-next-line to the line before.

Compiling...
Compiled with warnings.

./src/index.js
  Line 12:  'bootstrap' is assigned a value but never used  no-unused-vars

./src/App.js
  Line 2:   'fire' is defined but never used                                                  no-unused-vars
  Line 3:   'logo' is defined but never used                                                  no-unused-vars
  Line 17:  Links must not point to "#". Use a more descriptive href or use a button instead  jsx-a11y/href-no-hash

Search for the keywords to learn more about each warning.
To ignore, add // eslint-disable-next-line to the line before.

Compiling...
Compiled with warnings.

./src/index.js
  Line 12:  'bootstrap' is assigned a value but never used  no-unused-vars

./src/App.js
  Line 2:   'fire' is defined but never used                                                  no-unused-vars
  Line 3:   'logo' is defined but never used                                                  no-unused-vars
  Line 17:  Links must not point to "#". Use a more descriptive href or use a button instead  jsx-a11y/href-no-hash

Search for the keywords to learn more about each warning.
To ignore, add // eslint-disable-next-line to the line before.

Compiling...
Compiled with warnings.

./src/index.js
  Line 12:  'bootstrap' is assigned a value but never used  no-unused-vars

./src/App.js
  Line 2:   'fire' is defined but never used                                                  no-unused-vars
  Line 3:   'logo' is defined but never used                                                  no-unused-vars
  Line 17:  Links must not point to "#". Use a more descriptive href or use a button instead  jsx-a11y/href-no-hash
  Line 22:  Links must not point to "#". Use a more descriptive href or use a button instead  jsx-a11y/href-no-hash

Search for the keywords to learn more about each warning.
To ignore, add // eslint-disable-next-line to the line before.

Compiling...
Compiled with warnings.

./src/index.js
  Line 12:  'bootstrap' is assigned a value but never used  no-unused-vars

./src/App.js
  Line 2:   'fire' is defined but never used                                                  no-unused-vars
  Line 3:   'logo' is defined but never used                                                  no-unused-vars
  Line 17:  Links must not point to "#". Use a more descriptive href or use a button instead  jsx-a11y/href-no-hash
  Line 22:  Links must not point to "#". Use a more descriptive href or use a button instead  jsx-a11y/href-no-hash

Search for the keywords to learn more about each warning.
To ignore, add // eslint-disable-next-line to the line before.

Compiling...
Compiled with warnings.

./src/index.js
  Line 12:  'bootstrap' is assigned a value but never used  no-unused-vars

./src/App.js
  Line 2:  'fire' is defined but never used  no-unused-vars
  Line 3:  'logo' is defined but never used  no-unused-vars

Search for the keywords to learn more about each warning.
To ignore, add // eslint-disable-next-line to the line before.

Compiling...
Compiled with warnings.

./src/index.js
  Line 12:  'bootstrap' is assigned a value but never used  no-unused-vars

./src/App.js
  Line 2:  'fire' is defined but never used  no-unused-vars
  Line 3:  'logo' is defined but never used  no-unused-vars

Search for the keywords to learn more about each warning.
To ignore, add // eslint-disable-next-line to the line before.

Compiling...
Failed to compile.

./src/App.js
Syntax error: Adjacent JSX elements must be wrapped in an enclosing tag (12:4)

  10 | 			<p>Select the Time to see the projects</p>
  11 | 		</div>
> 12 |     <div className="container">
     |     ^
  13 | 			<div className="row">
  14 | 				<div className="col-lg-6">
  15 |             <div className="jumbotron text-center">
Compiling...
Failed to compile.

./src/App.js
Syntax error: Adjacent JSX elements must be wrapped in an enclosing tag (12:6)

  10 |   			<p>Select the Time to see the projects</p>
  11 |   		</div>
> 12 |       <div className="container">
     |       ^
  13 |   			<div className="row">
  14 |   				<div className="col-lg-6">
  15 |               <div className="jumbotron text-center">
Compiling...
Compiled with warnings.

./src/index.js
  Line 12:  'bootstrap' is assigned a value but never used  no-unused-vars

./src/App.js
  Line 2:  'fire' is defined but never used  no-unused-vars
  Line 3:  'logo' is defined but never used  no-unused-vars

Search for the keywords to learn more about each warning.
To ignore, add // eslint-disable-next-line to the line before.

Compiling...
Compiled with warnings.

./src/index.js
  Line 12:  'bootstrap' is assigned a value but never used  no-unused-vars

./src/App.js
  Line 2:  'fire' is defined but never used  no-unused-vars
  Line 3:  'logo' is defined but never used  no-unused-vars

Search for the keywords to learn more about each warning.
To ignore, add // eslint-disable-next-line to the line before.

Failed to compile.

./src/App.js
Module build failed: Error: ENOENT: no such file or directory, open '/Users/chiragjain/Documents/github/fedapp/src/App.js'
Failed to compile.

./src/App.js
Module build failed: Error: ENOENT: no such file or directory, open '/Users/chiragjain/Documents/github/fedapp/src/App.js'
Failed to compile.

./src/App.js
Module build failed: Error: ENOENT: no such file or directory, open '/Users/chiragjain/Documents/github/fedapp/src/App.js'
Compiling...
Failed to compile.

./src/App.js
Module build failed: Error: ENOENT: no such file or directory, open '/Users/chiragjain/Documents/github/fedapp/src/App.js'
Compiling...
Failed to compile.

./src/index.js
Module not found: Can't resolve 'components/App' in '/Users/chiragjain/Documents/github/fedapp/src'
Compiling...
Failed to compile.

./src/index.js
Module not found: Can't resolve 'components/App' in '/Users/chiragjain/Documents/github/fedapp/src'
Compiling...
Failed to compile.

./src/index.js
Module not found: Can't resolve 'components/App' in '/Users/chiragjain/Documents/github/fedapp/src'
Compiling...
Failed to compile.

./src/index.js
Module not found: Can't resolve 'components/App' in '/Users/chiragjain/Documents/github/fedapp/src'
Compiling...
Failed to compile.

./src/components/App.js
Module not found: Can't resolve '../images/fire' in '/Users/chiragjain/Documents/github/fedapp/src/components'
Compiling...
Failed to compile.

./src/components/App.js
Module not found: Can't resolve './images/fire' in '/Users/chiragjain/Documents/github/fedapp/src/components'
Compiling...
Failed to compile.

./src/components/App.js
Module not found: Can't resolve './images/logo.svg' in '/Users/chiragjain/Documents/github/fedapp/src/components'
Compiling...
Failed to compile.

./src/components/App.js
Module not found: Can't resolve './images/logo.svg' in '/Users/chiragjain/Documents/github/fedapp/src/components'
Compiling...
Failed to compile.

./src/components/App.js
Module not found: Can't resolve 'fire' in '/Users/chiragjain/Documents/github/fedapp/src/components'
Compiling...
Failed to compile.

./src/components/App.js
Module not found: Can't resolve 'fire' in '/Users/chiragjain/Documents/github/fedapp/src/components'
Compiling...
Failed to compile.

./src/components/App.js
Module not found: Can't resolve 'fire' in '/Users/chiragjain/Documents/github/fedapp/src/components'
Compiling...
Failed to compile.

./src/components/App.js
Module not found: Can't resolve 'fire' in '/Users/chiragjain/Documents/github/fedapp/src/components'
Compiling...
Failed to compile.

./src/components/App.js
Module not found: Can't resolve './images/logo.svg' in '/Users/chiragjain/Documents/github/fedapp/src/components'
Compiling...
Failed to compile.

./src/components/App.js
Module not found: Can't resolve './js/fire' in '/Users/chiragjain/Documents/github/fedapp/src/components'
Compiling...
Compiled with warnings.

./src/index.js
  Line 12:  'bootstrap' is assigned a value but never used  no-unused-vars

./src/components/App.js
  Line 2:  'fire' is defined but never used  no-unused-vars
  Line 3:  'logo' is defined but never used  no-unused-vars

Search for the keywords to learn more about each warning.
To ignore, add // eslint-disable-next-line to the line before.

Compiling...
Compiled with warnings.

./src/index.js
  Line 12:  'bootstrap' is assigned a value but never used  no-unused-vars

./src/components/App.js
  Line 2:   'fire' is defined but never used                no-unused-vars
  Line 3:   'logo' is defined but never used                no-unused-vars
  Line 10:  'bootstrap' is assigned a value but never used  no-unused-vars

Search for the keywords to learn more about each warning.
To ignore, add // eslint-disable-next-line to the line before.

Compiling...
Compiled with warnings.

./src/components/App.js
  Line 2:   'fire' is defined but never used                no-unused-vars
  Line 3:   'logo' is defined but never used                no-unused-vars
  Line 10:  'bootstrap' is assigned a value but never used  no-unused-vars

Search for the keywords to learn more about each warning.
To ignore, add // eslint-disable-next-line to the line before.

Compiling...
Failed to compile.

./src/components/App.js
  Line 7:   Import in body of module; reorder to top  import/first
  Line 9:   Import in body of module; reorder to top  import/first
  Line 11:  Import in body of module; reorder to top  import/first
  Line 12:  Import in body of module; reorder to top  import/first

Search for the keywords to learn more about each error.
Compiling...
Failed to compile.

./src/components/App.js
  Line 9:   Import in body of module; reorder to top  import/first
  Line 11:  Import in body of module; reorder to top  import/first
  Line 12:  Import in body of module; reorder to top  import/first

Search for the keywords to learn more about each error.
Compiling...
Failed to compile.

./src/components/App.js
  Line 9:   Import in body of module; reorder to top  import/first
  Line 10:  Import in body of module; reorder to top  import/first
  Line 12:  Import in body of module; reorder to top  import/first
  Line 13:  Import in body of module; reorder to top  import/first

Search for the keywords to learn more about each error.
Compiling...
Failed to compile.

./src/components/App.js
  Line 14:  Import in body of module; reorder to top  import/first
  Line 15:  Import in body of module; reorder to top  import/first

Search for the keywords to learn more about each error.
Compiling...
Failed to compile.

./src/components/App.js
  Line 7:   Import in body of module; reorder to top  import/first
  Line 10:  Import in body of module; reorder to top  import/first
  Line 11:  Import in body of module; reorder to top  import/first

Search for the keywords to learn more about each error.
Compiling...
Failed to compile.

./src/components/App.js
  Line 10:  Import in body of module; reorder to top  import/first
  Line 11:  Import in body of module; reorder to top  import/first

Search for the keywords to learn more about each error.
Compiling...
Failed to compile.

./src/components/App.js
  Line 7:  Import in body of module; reorder to top  import/first
  Line 8:  Import in body of module; reorder to top  import/first

Search for the keywords to learn more about each error.
Compiling...
Failed to compile.

./src/components/App.js
  Line 9:  Import in body of module; reorder to top  import/first

Search for the keywords to learn more about each error.
Compiling...
Failed to compile.

./src/components/App.js
  Line 10:  Import in body of module; reorder to top  import/first

Search for the keywords to learn more about each error.
Compiling...
Failed to compile.

./src/components/App.js
  Line 10:  Import in body of module; reorder to top  import/first

Search for the keywords to learn more about each error.
Compiling...
Compiled with warnings.

./src/components/App.js
  Line 2:   'fire' is defined but never used                no-unused-vars
  Line 3:   'logo' is defined but never used                no-unused-vars
  Line 11:  'bootstrap' is assigned a value but never used  no-unused-vars

Search for the keywords to learn more about each warning.
To ignore, add // eslint-disable-next-line to the line before.

Compiling...
Compiled with warnings.

./src/components/App.js
  Line 2:   'fire' is defined but never used                no-unused-vars
  Line 3:   'logo' is defined but never used                no-unused-vars
  Line 10:  'bootstrap' is assigned a value but never used  no-unused-vars

Search for the keywords to learn more about each warning.
To ignore, add // eslint-disable-next-line to the line before.

Compiling...
Failed to compile.

./src/components/App.js
Syntax error: Unterminated JSX contents (29:12)

  27 |       			</div>
  28 |     		</div>
> 29 |       </div>
     |             ^
  30 |     );
  31 |   }
  32 | }
Compiling...
Compiled with warnings.

./src/components/App.js
  Line 2:   'fire' is defined but never used                no-unused-vars
  Line 3:   'logo' is defined but never used                no-unused-vars
  Line 10:  'bootstrap' is assigned a value but never used  no-unused-vars

Search for the keywords to learn more about each warning.
To ignore, add // eslint-disable-next-line to the line before.

Compiling...
Failed to compile.

./src/components/App.js
Syntax error: Unexpected token (25:18)

  23 |       				</div>
  24 |               <div className="col-lg-6">
> 25 |       					<Linkto="pages/afternoon"><h2>Afternoon</h2></a>
     |       					       ^
  26 |       				</div>
  27 |       			</div>
  28 |           </div>
Compiling...
Failed to compile.

./src/components/App.js
Syntax error: Unexpected token (25:18)

  23 |       				</div>
  24 |               <div className="col-lg-6">
> 25 |       					<LinkTo="pages/afternoon"><h2>Afternoon</h2></a>
     |       					       ^
  26 |       				</div>
  27 |       			</div>
  28 |           </div>
Compiling...
Failed to compile.

./src/components/App.js
Syntax error: Expected corresponding JSX closing tag for <Link> (25:56)

  23 |       				</div>
  24 |               <div className="col-lg-6">
> 25 |       					<Link to="pages/afternoon"><h2>Afternoon</h2></a>
     |       					                                             ^
  26 |       				</div>
  27 |       			</div>
  28 |           </div>
Compiling...
Failed to compile.

./src/components/App.js
  Line 25:  'Link' is not defined  react/jsx-no-undef

Search for the keywords to learn more about each error.
Compiling...
Compiled with warnings.

./src/components/App.js
  Line 2:   'fire' is defined but never used                no-unused-vars
  Line 3:   'logo' is defined but never used                no-unused-vars
  Line 11:  'bootstrap' is assigned a value but never used  no-unused-vars

Search for the keywords to learn more about each warning.
To ignore, add // eslint-disable-next-line to the line before.

Compiling...
Compiled with warnings.

./src/components/App.js
  Line 2:   'fire' is defined but never used                no-unused-vars
  Line 3:   'logo' is defined but never used                no-unused-vars
  Line 5:   'Switch' is defined but never used              no-unused-vars
  Line 5:   'Route' is defined but never used               no-unused-vars
  Line 11:  'bootstrap' is assigned a value but never used  no-unused-vars

Search for the keywords to learn more about each warning.
To ignore, add // eslint-disable-next-line to the line before.

Compiling...
Compiled with warnings.

./src/components/App.js
  Line 2:   'fire' is defined but never used                no-unused-vars
  Line 3:   'logo' is defined but never used                no-unused-vars
  Line 4:   'Switch' is defined but never used              no-unused-vars
  Line 4:   'Route' is defined but never used               no-unused-vars
  Line 10:  'bootstrap' is assigned a value but never used  no-unused-vars

Search for the keywords to learn more about each warning.
To ignore, add // eslint-disable-next-line to the line before.

Compiling...
Compiled with warnings.

./src/components/App.js
  Line 2:   'fire' is defined but never used                no-unused-vars
  Line 3:   'logo' is defined but never used                no-unused-vars
  Line 4:   'Switch' is defined but never used              no-unused-vars
  Line 4:   'Route' is defined but never used               no-unused-vars
  Line 10:  'bootstrap' is assigned a value but never used  no-unused-vars

Search for the keywords to learn more about each warning.
To ignore, add // eslint-disable-next-line to the line before.

Compiling...
Compiled with warnings.

./src/components/App.js
  Line 2:   'fire' is defined but never used                no-unused-vars
  Line 3:   'logo' is defined but never used                no-unused-vars
  Line 5:   'Switch' is defined but never used              no-unused-vars
  Line 5:   'Route' is defined but never used               no-unused-vars
  Line 10:  'bootstrap' is assigned a value but never used  no-unused-vars

Search for the keywords to learn more about each warning.
To ignore, add // eslint-disable-next-line to the line before.

Compiling...
Compiled with warnings.

./src/components/App.js
  Line 2:   'fire' is defined but never used                no-unused-vars
  Line 3:   'logo' is defined but never used                no-unused-vars
  Line 5:   'Switch' is defined but never used              no-unused-vars
  Line 5:   'Route' is defined but never used               no-unused-vars
  Line 10:  'bootstrap' is assigned a value but never used  no-unused-vars

Search for the keywords to learn more about each warning.
To ignore, add // eslint-disable-next-line to the line before.

Compiling...
Compiled with warnings.

./src/components/App.js
  Line 2:   'fire' is defined but never used                no-unused-vars
  Line 3:   'logo' is defined but never used                no-unused-vars
  Line 5:   'Switch' is defined but never used              no-unused-vars
  Line 5:   'Route' is defined but never used               no-unused-vars
  Line 10:  'bootstrap' is assigned a value but never used  no-unused-vars

Search for the keywords to learn more about each warning.
To ignore, add // eslint-disable-next-line to the line before.

Compiling...
Compiled with warnings.

./src/components/App.js
  Line 2:   'fire' is defined but never used                no-unused-vars
  Line 3:   'logo' is defined but never used                no-unused-vars
  Line 5:   'Switch' is defined but never used              no-unused-vars
  Line 5:   'Route' is defined but never used               no-unused-vars
  Line 10:  'bootstrap' is assigned a value but never used  no-unused-vars

Search for the keywords to learn more about each warning.
To ignore, add // eslint-disable-next-line to the line before.

Compiling...
Compiled with warnings.

./src/components/App.js
  Line 2:   'fire' is defined but never used                no-unused-vars
  Line 3:   'logo' is defined but never used                no-unused-vars
  Line 5:   'Switch' is defined but never used              no-unused-vars
  Line 5:   'Route' is defined but never used               no-unused-vars
  Line 10:  'bootstrap' is assigned a value but never used  no-unused-vars

Search for the keywords to learn more about each warning.
To ignore, add // eslint-disable-next-line to the line before.

Compiling...
Failed to compile.

./src/index.js
  Line 8:  'render' is not defined  no-undef

Search for the keywords to learn more about each error.
Compiling...
Compiled with warnings.

./src/components/App.js
  Line 2:   'fire' is defined but never used                no-unused-vars
  Line 3:   'logo' is defined but never used                no-unused-vars
  Line 5:   'Switch' is defined but never used              no-unused-vars
  Line 5:   'Route' is defined but never used               no-unused-vars
  Line 10:  'bootstrap' is assigned a value but never used  no-unused-vars

Search for the keywords to learn more about each warning.
To ignore, add // eslint-disable-next-line to the line before.

Compiling...
Failed to compile.

./src/components/App.js
Syntax error: Only one default export allowed per module. (46:0)

  44 | }
  45 | 
> 46 | export default App;
     | ^
  47 |
Compiling...
Failed to compile.

./src/components/App.js
Syntax error: Unexpected token (29:4)

  27 |     return (
  28 | 
> 29 |     );
     |     ^
  30 |   }
  31 | }
  32 |
Compiling...
Failed to compile.

./src/components/App.js
  Line 15:  'Header' is not defined  react/jsx-no-undef
  Line 16:  'Main' is not defined    react/jsx-no-undef
  Line 17:  'Footer' is not defined  react/jsx-no-undef

Search for the keywords to learn more about each error.
Compiling...
Failed to compile.

./src/components/App.js
  Line 17:  'Main' is not defined    react/jsx-no-undef
  Line 18:  'Footer' is not defined  react/jsx-no-undef

Search for the keywords to learn more about each error.
Compiling...
Failed to compile.

./src/components/App.js
  Line 17:  'Main' is not defined    react/jsx-no-undef
  Line 18:  'Footer' is not defined  react/jsx-no-undef

Search for the keywords to learn more about each error.
Compiling...
Failed to compile.

./src/components/App.js
Module not found: Can't resolve 'views/Header' in '/Users/chiragjain/Documents/github/fedapp/src/components'
Compiling...
Failed to compile.

./src/components/views/Footer.js
Syntax error: Unexpected token (7:0)

   5 | // between routes.
   6 | const Footer = () => (
>  7 | )
     | ^
   8 | 
   9 | export default Footer
  10 |
Compiling...
Compiled with warnings.

./src/components/App.js
  Line 1:   'Component' is defined but never used           no-unused-vars
  Line 2:   'fire' is defined but never used                no-unused-vars
  Line 3:   'logo' is defined but never used                no-unused-vars
  Line 8:   'Switch' is defined but never used              no-unused-vars
  Line 8:   'Route' is defined but never used               no-unused-vars
  Line 8:   'Link' is defined but never used                no-unused-vars
  Line 13:  'bootstrap' is assigned a value but never used  no-unused-vars

./src/components/views/Footer.js
  Line 2:  'Link' is defined but never used  no-unused-vars

Search for the keywords to learn more about each warning.
To ignore, add // eslint-disable-next-line to the line before.

Compiling...
Compiled with warnings.

./src/components/App.js
  Line 1:   'Component' is defined but never used           no-unused-vars
  Line 2:   'fire' is defined but never used                no-unused-vars
  Line 3:   'logo' is defined but never used                no-unused-vars
  Line 8:   'Switch' is defined but never used              no-unused-vars
  Line 8:   'Route' is defined but never used               no-unused-vars
  Line 8:   'Link' is defined but never used                no-unused-vars
  Line 13:  'bootstrap' is assigned a value but never used  no-unused-vars

./src/components/views/Footer.js
  Line 2:  'Link' is defined but never used  no-unused-vars

Search for the keywords to learn more about each warning.
To ignore, add // eslint-disable-next-line to the line before.

Compiling...
Failed to compile.

./src/components/views/Main.js
Syntax error: Unexpected token (7:0)

   5 | // between routes.
   6 | const Main = () => (
>  7 | )
     | ^
   8 | 
   9 | export default Main
  10 |
Compiling...
Compiled with warnings.

./src/components/App.js
  Line 1:   'Component' is defined but never used           no-unused-vars
  Line 2:   'fire' is defined but never used                no-unused-vars
  Line 3:   'logo' is defined but never used                no-unused-vars
  Line 8:   'Switch' is defined but never used              no-unused-vars
  Line 8:   'Route' is defined but never used               no-unused-vars
  Line 8:   'Link' is defined but never used                no-unused-vars
  Line 13:  'bootstrap' is assigned a value but never used  no-unused-vars

./src/components/views/Footer.js
  Line 2:  'Link' is defined but never used  no-unused-vars

./src/components/views/Main.js
  Line 2:   'Link' is defined but never used                                                  no-unused-vars
  Line 11:  Links must not point to "#". Use a more descriptive href or use a button instead  jsx-a11y/href-no-hash

Search for the keywords to learn more about each warning.
To ignore, add // eslint-disable-next-line to the line before.

Compiling...
Compiled with warnings.

./src/components/App.js
  Line 1:   'Component' is defined but never used           no-unused-vars
  Line 2:   'fire' is defined but never used                no-unused-vars
  Line 3:   'logo' is defined but never used                no-unused-vars
  Line 8:   'Switch' is defined but never used              no-unused-vars
  Line 8:   'Route' is defined but never used               no-unused-vars
  Line 8:   'Link' is defined but never used                no-unused-vars
  Line 13:  'bootstrap' is assigned a value but never used  no-unused-vars

./src/components/views/Footer.js
  Line 2:  'Link' is defined but never used  no-unused-vars

./src/components/views/Main.js
  Line 2:   'Link' is defined but never used                                                  no-unused-vars
  Line 15:  Links must not point to "#". Use a more descriptive href or use a button instead  jsx-a11y/href-no-hash

Search for the keywords to learn more about each warning.
To ignore, add // eslint-disable-next-line to the line before.

Compiling...
Compiled with warnings.

./src/components/App.js
  Line 1:   'Component' is defined but never used           no-unused-vars
  Line 2:   'fire' is defined but never used                no-unused-vars
  Line 3:   'logo' is defined but never used                no-unused-vars
  Line 8:   'Switch' is defined but never used              no-unused-vars
  Line 8:   'Route' is defined but never used               no-unused-vars
  Line 8:   'Link' is defined but never used                no-unused-vars
  Line 13:  'bootstrap' is assigned a value but never used  no-unused-vars

./src/components/views/Footer.js
  Line 2:  'Link' is defined but never used  no-unused-vars

./src/components/views/Main.js
  Line 2:   'Link' is defined but never used                                                  no-unused-vars
  Line 14:  Links must not point to "#". Use a more descriptive href or use a button instead  jsx-a11y/href-no-hash

Search for the keywords to learn more about each warning.
To ignore, add // eslint-disable-next-line to the line before.

Compiling...
Compiled with warnings.

./src/components/App.js
  Line 1:   'Component' is defined but never used           no-unused-vars
  Line 2:   'fire' is defined but never used                no-unused-vars
  Line 3:   'logo' is defined but never used                no-unused-vars
  Line 8:   'Switch' is defined but never used              no-unused-vars
  Line 8:   'Route' is defined but never used               no-unused-vars
  Line 8:   'Link' is defined but never used                no-unused-vars
  Line 13:  'bootstrap' is assigned a value but never used  no-unused-vars

./src/components/views/Footer.js
  Line 2:  'Link' is defined but never used  no-unused-vars

./src/components/views/Main.js
  Line 2:   'Link' is defined but never used                                                  no-unused-vars
  Line 16:  Links must not point to "#". Use a more descriptive href or use a button instead  jsx-a11y/href-no-hash

Search for the keywords to learn more about each warning.
To ignore, add // eslint-disable-next-line to the line before.

Compiling...
Compiled with warnings.

./src/components/App.js
  Line 1:   'Component' is defined but never used           no-unused-vars
  Line 2:   'fire' is defined but never used                no-unused-vars
  Line 3:   'logo' is defined but never used                no-unused-vars
  Line 8:   'Switch' is defined but never used              no-unused-vars
  Line 8:   'Route' is defined but never used               no-unused-vars
  Line 8:   'Link' is defined but never used                no-unused-vars
  Line 13:  'bootstrap' is assigned a value but never used  no-unused-vars

./src/components/views/Footer.js
  Line 2:  'Link' is defined but never used  no-unused-vars

./src/components/views/Main.js
  Line 2:   'Link' is defined but never used                                                  no-unused-vars
  Line 16:  Links must not point to "#". Use a more descriptive href or use a button instead  jsx-a11y/href-no-hash

Search for the keywords to learn more about each warning.
To ignore, add // eslint-disable-next-line to the line before.

Compiling...
Compiled with warnings.

./src/components/App.js
  Line 1:   'Component' is defined but never used           no-unused-vars
  Line 2:   'fire' is defined but never used                no-unused-vars
  Line 3:   'logo' is defined but never used                no-unused-vars
  Line 8:   'Switch' is defined but never used              no-unused-vars
  Line 8:   'Route' is defined but never used               no-unused-vars
  Line 8:   'Link' is defined but never used                no-unused-vars
  Line 13:  'bootstrap' is assigned a value but never used  no-unused-vars

./src/components/views/Main.js
  Line 2:   'Link' is defined but never used                                                  no-unused-vars
  Line 16:  Links must not point to "#". Use a more descriptive href or use a button instead  jsx-a11y/href-no-hash

./src/components/views/Footer.js
  Line 2:  'Link' is defined but never used  no-unused-vars

./src/components/views/Header.js
  Line 2:   'Link' is defined but never used                                                  no-unused-vars
  Line 10:  Links must not point to "#". Use a more descriptive href or use a button instead  jsx-a11y/href-no-hash
  Line 13:  Links must not point to "#". Use a more descriptive href or use a button instead  jsx-a11y/href-no-hash
  Line 14:  Links must not point to "#". Use a more descriptive href or use a button instead  jsx-a11y/href-no-hash
  Line 15:  Links must not point to "#". Use a more descriptive href or use a button instead  jsx-a11y/href-no-hash
  Line 16:  Links must not point to "#". Use a more descriptive href or use a button instead  jsx-a11y/href-no-hash

Search for the keywords to learn more about each warning.
To ignore, add // eslint-disable-next-line to the line before.

Compiling...
Compiled with warnings.

./src/components/App.js
  Line 1:   'Component' is defined but never used           no-unused-vars
  Line 2:   'fire' is defined but never used                no-unused-vars
  Line 3:   'logo' is defined but never used                no-unused-vars
  Line 8:   'Switch' is defined but never used              no-unused-vars
  Line 8:   'Route' is defined but never used               no-unused-vars
  Line 8:   'Link' is defined but never used                no-unused-vars
  Line 13:  'bootstrap' is assigned a value but never used  no-unused-vars

./src/components/views/Main.js
  Line 2:   'Link' is defined but never used                                                  no-unused-vars
  Line 16:  Links must not point to "#". Use a more descriptive href or use a button instead  jsx-a11y/href-no-hash

./src/components/views/Footer.js
  Line 2:  'Link' is defined but never used  no-unused-vars

./src/components/views/Header.js
  Line 2:   'Link' is defined but never used                                                  no-unused-vars
  Line 10:  Links must not point to "#". Use a more descriptive href or use a button instead  jsx-a11y/href-no-hash
  Line 13:  Links must not point to "#". Use a more descriptive href or use a button instead  jsx-a11y/href-no-hash
  Line 14:  Links must not point to "#". Use a more descriptive href or use a button instead  jsx-a11y/href-no-hash
  Line 15:  Links must not point to "#". Use a more descriptive href or use a button instead  jsx-a11y/href-no-hash
  Line 16:  Links must not point to "#". Use a more descriptive href or use a button instead  jsx-a11y/href-no-hash

Search for the keywords to learn more about each warning.
To ignore, add // eslint-disable-next-line to the line before.

Compiling...
Failed to compile.

./src/components/views/Main.js
  Line 13:  'Home' is not defined      no-undef
  Line 14:  'Roster' is not defined    no-undef
  Line 15:  'Schedule' is not defined  no-undef

Search for the keywords to learn more about each error.
Compiling...
Failed to compile.

./src/components/views/Main.js
  Line 13:  'Home' is not defined  no-undef

Search for the keywords to learn more about each error.
Compiling...
Compiled with warnings.

./src/components/App.js
  Line 1:   'Component' is defined but never used           no-unused-vars
  Line 2:   'fire' is defined but never used                no-unused-vars
  Line 3:   'logo' is defined but never used                no-unused-vars
  Line 8:   'Switch' is defined but never used              no-unused-vars
  Line 8:   'Route' is defined but never used               no-unused-vars
  Line 8:   'Link' is defined but never used                no-unused-vars
  Line 13:  'bootstrap' is assigned a value but never used  no-unused-vars

./src/components/views/Header.js
  Line 2:   'Link' is defined but never used                                                  no-unused-vars
  Line 10:  Links must not point to "#". Use a more descriptive href or use a button instead  jsx-a11y/href-no-hash
  Line 13:  Links must not point to "#". Use a more descriptive href or use a button instead  jsx-a11y/href-no-hash
  Line 14:  Links must not point to "#". Use a more descriptive href or use a button instead  jsx-a11y/href-no-hash
  Line 15:  Links must not point to "#". Use a more descriptive href or use a button instead  jsx-a11y/href-no-hash
  Line 16:  Links must not point to "#". Use a more descriptive href or use a button instead  jsx-a11y/href-no-hash

./src/components/views/Footer.js
  Line 2:  'Link' is defined but never used  no-unused-vars

Search for the keywords to learn more about each warning.
To ignore, add // eslint-disable-next-line to the line before.

Compiling...
Compiled with warnings.

./src/components/App.js
  Line 1:   'Component' is defined but never used           no-unused-vars
  Line 2:   'fire' is defined but never used                no-unused-vars
  Line 3:   'logo' is defined but never used                no-unused-vars
  Line 8:   'Switch' is defined but never used              no-unused-vars
  Line 8:   'Route' is defined but never used               no-unused-vars
  Line 8:   'Link' is defined but never used                no-unused-vars
  Line 13:  'bootstrap' is assigned a value but never used  no-unused-vars

./src/components/views/Footer.js
  Line 2:  'Link' is defined but never used  no-unused-vars

./src/components/views/Header.js
  Line 2:   'Link' is defined but never used                                                  no-unused-vars
  Line 10:  Links must not point to "#". Use a more descriptive href or use a button instead  jsx-a11y/href-no-hash
  Line 13:  Links must not point to "#". Use a more descriptive href or use a button instead  jsx-a11y/href-no-hash
  Line 14:  Links must not point to "#". Use a more descriptive href or use a button instead  jsx-a11y/href-no-hash
  Line 15:  Links must not point to "#". Use a more descriptive href or use a button instead  jsx-a11y/href-no-hash
  Line 16:  Links must not point to "#". Use a more descriptive href or use a button instead  jsx-a11y/href-no-hash

Search for the keywords to learn more about each warning.
To ignore, add // eslint-disable-next-line to the line before.

Compiling...
Compiled with warnings.

./src/components/App.js
  Line 1:   'Component' is defined but never used           no-unused-vars
  Line 2:   'fire' is defined but never used                no-unused-vars
  Line 3:   'logo' is defined but never used                no-unused-vars
  Line 8:   'Switch' is defined but never used              no-unused-vars
  Line 8:   'Route' is defined but never used               no-unused-vars
  Line 8:   'Link' is defined but never used                no-unused-vars
  Line 13:  'bootstrap' is assigned a value but never used  no-unused-vars

./src/components/views/Header.js
  Line 2:   'Link' is defined but never used                                                  no-unused-vars
  Line 10:  Links must not point to "#". Use a more descriptive href or use a button instead  jsx-a11y/href-no-hash
  Line 13:  Links must not point to "#". Use a more descriptive href or use a button instead  jsx-a11y/href-no-hash
  Line 14:  Links must not point to "#". Use a more descriptive href or use a button instead  jsx-a11y/href-no-hash
  Line 15:  Links must not point to "#". Use a more descriptive href or use a button instead  jsx-a11y/href-no-hash
  Line 16:  Links must not point to "#". Use a more descriptive href or use a button instead  jsx-a11y/href-no-hash

./src/components/views/Footer.js
  Line 2:  'Link' is defined but never used  no-unused-vars

Search for the keywords to learn more about each warning.
To ignore, add // eslint-disable-next-line to the line before.

Compiling...
Compiled with warnings.

./src/components/App.js
  Line 1:   'Component' is defined but never used           no-unused-vars
  Line 2:   'fire' is defined but never used                no-unused-vars
  Line 3:   'logo' is defined but never used                no-unused-vars
  Line 8:   'Switch' is defined but never used              no-unused-vars
  Line 8:   'Route' is defined but never used               no-unused-vars
  Line 8:   'Link' is defined but never used                no-unused-vars
  Line 13:  'bootstrap' is assigned a value but never used  no-unused-vars

./src/components/views/Header.js
  Line 2:   'Link' is defined but never used                                                  no-unused-vars
  Line 10:  Links must not point to "#". Use a more descriptive href or use a button instead  jsx-a11y/href-no-hash
  Line 13:  Links must not point to "#". Use a more descriptive href or use a button instead  jsx-a11y/href-no-hash
  Line 14:  Links must not point to "#". Use a more descriptive href or use a button instead  jsx-a11y/href-no-hash
  Line 15:  Links must not point to "#". Use a more descriptive href or use a button instead  jsx-a11y/href-no-hash
  Line 16:  Links must not point to "#". Use a more descriptive href or use a button instead  jsx-a11y/href-no-hash

./src/components/views/Footer.js
  Line 2:  'Link' is defined but never used  no-unused-vars

Search for the keywords to learn more about each warning.
To ignore, add // eslint-disable-next-line to the line before.

Compiling...
Compiled with warnings.

./src/components/App.js
  Line 1:   'Component' is defined but never used           no-unused-vars
  Line 2:   'fire' is defined but never used                no-unused-vars
  Line 3:   'logo' is defined but never used                no-unused-vars
  Line 8:   'Switch' is defined but never used              no-unused-vars
  Line 8:   'Route' is defined but never used               no-unused-vars
  Line 8:   'Link' is defined but never used                no-unused-vars
  Line 13:  'bootstrap' is assigned a value but never used  no-unused-vars

./src/components/views/Header.js
  Line 2:   'Link' is defined but never used                                                  no-unused-vars
  Line 10:  Links must not point to "#". Use a more descriptive href or use a button instead  jsx-a11y/href-no-hash
  Line 13:  Links must not point to "#". Use a more descriptive href or use a button instead  jsx-a11y/href-no-hash
  Line 14:  Links must not point to "#". Use a more descriptive href or use a button instead  jsx-a11y/href-no-hash
  Line 15:  Links must not point to "#". Use a more descriptive href or use a button instead  jsx-a11y/href-no-hash
  Line 16:  Links must not point to "#". Use a more descriptive href or use a button instead  jsx-a11y/href-no-hash

./src/components/views/Footer.js
  Line 2:  'Link' is defined but never used  no-unused-vars

Search for the keywords to learn more about each warning.
To ignore, add // eslint-disable-next-line to the line before.

Compiling...
Compiled with warnings.

./src/components/App.js
  Line 1:   'Component' is defined but never used           no-unused-vars
  Line 2:   'fire' is defined but never used                no-unused-vars
  Line 3:   'logo' is defined but never used                no-unused-vars
  Line 8:   'Switch' is defined but never used              no-unused-vars
  Line 8:   'Route' is defined but never used               no-unused-vars
  Line 8:   'Link' is defined but never used                no-unused-vars
  Line 13:  'bootstrap' is assigned a value but never used  no-unused-vars

./src/components/views/Header.js
  Line 2:   'Link' is defined but never used                                                  no-unused-vars
  Line 10:  Links must not point to "#". Use a more descriptive href or use a button instead  jsx-a11y/href-no-hash
  Line 13:  Links must not point to "#". Use a more descriptive href or use a button instead  jsx-a11y/href-no-hash
  Line 14:  Links must not point to "#". Use a more descriptive href or use a button instead  jsx-a11y/href-no-hash
  Line 15:  Links must not point to "#". Use a more descriptive href or use a button instead  jsx-a11y/href-no-hash
  Line 16:  Links must not point to "#". Use a more descriptive href or use a button instead  jsx-a11y/href-no-hash

./src/components/views/Footer.js
  Line 2:  'Link' is defined but never used  no-unused-vars

Search for the keywords to learn more about each warning.
To ignore, add // eslint-disable-next-line to the line before.

Compiling...
Compiled with warnings.

./src/components/App.js
  Line 1:   'Component' is defined but never used           no-unused-vars
  Line 2:   'fire' is defined but never used                no-unused-vars
  Line 3:   'logo' is defined but never used                no-unused-vars
  Line 8:   'Switch' is defined but never used              no-unused-vars
  Line 8:   'Route' is defined but never used               no-unused-vars
  Line 8:   'Link' is defined but never used                no-unused-vars
  Line 13:  'bootstrap' is assigned a value but never used  no-unused-vars

./src/components/views/Header.js
  Line 2:   'Link' is defined but never used                                                  no-unused-vars
  Line 10:  Links must not point to "#". Use a more descriptive href or use a button instead  jsx-a11y/href-no-hash
  Line 13:  Links must not point to "#". Use a more descriptive href or use a button instead  jsx-a11y/href-no-hash
  Line 14:  Links must not point to "#". Use a more descriptive href or use a button instead  jsx-a11y/href-no-hash
  Line 15:  Links must not point to "#". Use a more descriptive href or use a button instead  jsx-a11y/href-no-hash
  Line 16:  Links must not point to "#". Use a more descriptive href or use a button instead  jsx-a11y/href-no-hash

./src/components/views/Footer.js
  Line 2:  'Link' is defined but never used  no-unused-vars

./src/components/views/Home.js
  Line 4:  Style prop value must be an object  react/style-prop-object

Search for the keywords to learn more about each warning.
To ignore, add // eslint-disable-next-line to the line before.

Compiling...
Compiled with warnings.

./src/components/App.js
  Line 1:   'Component' is defined but never used           no-unused-vars
  Line 2:   'fire' is defined but never used                no-unused-vars
  Line 3:   'logo' is defined but never used                no-unused-vars
  Line 8:   'Switch' is defined but never used              no-unused-vars
  Line 8:   'Route' is defined but never used               no-unused-vars
  Line 8:   'Link' is defined but never used                no-unused-vars
  Line 13:  'bootstrap' is assigned a value but never used  no-unused-vars

./src/components/views/Header.js
  Line 2:   'Link' is defined but never used                                                  no-unused-vars
  Line 10:  Links must not point to "#". Use a more descriptive href or use a button instead  jsx-a11y/href-no-hash
  Line 13:  Links must not point to "#". Use a more descriptive href or use a button instead  jsx-a11y/href-no-hash
  Line 14:  Links must not point to "#". Use a more descriptive href or use a button instead  jsx-a11y/href-no-hash
  Line 15:  Links must not point to "#". Use a more descriptive href or use a button instead  jsx-a11y/href-no-hash
  Line 16:  Links must not point to "#". Use a more descriptive href or use a button instead  jsx-a11y/href-no-hash

./src/components/views/Footer.js
  Line 2:  'Link' is defined but never used  no-unused-vars

./src/components/views/Home.js
  Line 4:  Style prop value must be an object  react/style-prop-object

./src/components/views/Morning.js
  Line 4:  Style prop value must be an object  react/style-prop-object

Search for the keywords to learn more about each warning.
To ignore, add // eslint-disable-next-line to the line before.

Compiling...
Compiled with warnings.

./src/components/App.js
  Line 1:   'Component' is defined but never used           no-unused-vars
  Line 2:   'fire' is defined but never used                no-unused-vars
  Line 3:   'logo' is defined but never used                no-unused-vars
  Line 8:   'Switch' is defined but never used              no-unused-vars
  Line 8:   'Route' is defined but never used               no-unused-vars
  Line 8:   'Link' is defined but never used                no-unused-vars
  Line 13:  'bootstrap' is assigned a value but never used  no-unused-vars

./src/components/views/Footer.js
  Line 2:  'Link' is defined but never used  no-unused-vars

./src/components/views/Home.js
  Line 4:  Style prop value must be an object  react/style-prop-object

./src/components/views/Morning.js
  Line 4:  Style prop value must be an object  react/style-prop-object

./src/components/views/Header.js
  Line 10:  Links must not point to "#". Use a more descriptive href or use a button instead  jsx-a11y/href-no-hash

Search for the keywords to learn more about each warning.
To ignore, add // eslint-disable-next-line to the line before.

Compiling...
Failed to compile.

./src/components/views/Home.js
Syntax error: Unexpected token, expected } (4:46)

  2 | 
  3 | const Home = () => (
> 4 |   <div className="container" style={margin-top: '50px'}>
    |                                               ^
  5 |     <div>
  6 |       <h1>Welcome to the Tornadoes Website!</h1>
  7 |     </div>
Compiling...
Failed to compile.

./src/components/views/Home.js
Syntax error: Unexpected token, expected } (4:46)

  2 | 
  3 | const Home = () => (
> 4 |   <div className="container" style={margin-top: '50px'}>
    |                                               ^
  5 |     <div>
  6 |       <h1>Welcome to the Tornadoes Website!</h1>
  7 |     </div>
Compiling...
Failed to compile.

./src/components/views/Home.js
Syntax error: Unexpected token, expected } (4:46)

  2 | 
  3 | const Home = () => (
> 4 |   <div className="container" style={margin-top: '50px'}>
    |                                               ^
  5 |     <div>
  6 |       <h1>Welcome to the Tornadoes Website!</h1>
  7 |     </div>
Compiling...
Failed to compile.

./src/components/views/Morning.js
Syntax error: Unexpected token, expected } (4:46)

  2 | 
  3 | const Morning = () => (
> 4 |   <div className="container" style={margin-top:'50px'}>
    |                                               ^
  5 |     <div>
  6 |       <h1>Morning projects</h1>
  7 |     </div>
Compiling...
Failed to compile.

./src/components/views/Home.js
Syntax error: Unexpected token, expected , (4:8)

  2 | 
  3 | var navfix = {
> 4 |   margin-top:'50px'
    |         ^
  5 | };
  6 | 
  7 | const Home = () => (
Compiling...
Failed to compile.

./src/components/views/Morning.js
Syntax error: Unexpected token, expected } (4:46)

  2 | 
  3 | const Morning = () => (
> 4 |   <div className="container" style={margin-top:'50px'}>
    |                                               ^
  5 |     <div>
  6 |       <h1>Morning projects</h1>
  7 |     </div>
Compiling...
Compiled with warnings.

./src/components/App.js
  Line 1:   'Component' is defined but never used           no-unused-vars
  Line 2:   'fire' is defined but never used                no-unused-vars
  Line 3:   'logo' is defined but never used                no-unused-vars
  Line 8:   'Switch' is defined but never used              no-unused-vars
  Line 8:   'Route' is defined but never used               no-unused-vars
  Line 8:   'Link' is defined but never used                no-unused-vars
  Line 13:  'bootstrap' is assigned a value but never used  no-unused-vars

./src/components/views/Header.js
  Line 10:  Links must not point to "#". Use a more descriptive href or use a button instead  jsx-a11y/href-no-hash

./src/components/views/Footer.js
  Line 2:  'Link' is defined but never used  no-unused-vars

Search for the keywords to learn more about each warning.
To ignore, add // eslint-disable-next-line to the line before.

Compiling...
Compiled with warnings.

./src/components/App.js
  Line 1:   'Component' is defined but never used           no-unused-vars
  Line 2:   'fire' is defined but never used                no-unused-vars
  Line 3:   'logo' is defined but never used                no-unused-vars
  Line 8:   'Switch' is defined but never used              no-unused-vars
  Line 8:   'Route' is defined but never used               no-unused-vars
  Line 8:   'Link' is defined but never used                no-unused-vars
  Line 13:  'bootstrap' is assigned a value but never used  no-unused-vars

./src/components/views/Header.js
  Line 10:  Links must not point to "#". Use a more descriptive href or use a button instead  jsx-a11y/href-no-hash

./src/components/views/Footer.js
  Line 2:  'Link' is defined but never used  no-unused-vars

Search for the keywords to learn more about each warning.
To ignore, add // eslint-disable-next-line to the line before.

Compiling...
Compiled with warnings.

./src/components/App.js
  Line 1:   'Component' is defined but never used           no-unused-vars
  Line 2:   'fire' is defined but never used                no-unused-vars
  Line 3:   'logo' is defined but never used                no-unused-vars
  Line 8:   'Switch' is defined but never used              no-unused-vars
  Line 8:   'Route' is defined but never used               no-unused-vars
  Line 8:   'Link' is defined but never used                no-unused-vars
  Line 13:  'bootstrap' is assigned a value but never used  no-unused-vars

./src/components/views/Footer.js
  Line 2:  'Link' is defined but never used  no-unused-vars

./src/components/views/Header.js
  Line 10:  Links must not point to "#". Use a more descriptive href or use a button instead  jsx-a11y/href-no-hash

Search for the keywords to learn more about each warning.
To ignore, add // eslint-disable-next-line to the line before.

Compiling...
Compiled with warnings.

./src/components/App.js
  Line 1:   'Component' is defined but never used           no-unused-vars
  Line 2:   'fire' is defined but never used                no-unused-vars
  Line 3:   'logo' is defined but never used                no-unused-vars
  Line 8:   'Switch' is defined but never used              no-unused-vars
  Line 8:   'Route' is defined but never used               no-unused-vars
  Line 8:   'Link' is defined but never used                no-unused-vars
  Line 13:  'bootstrap' is assigned a value but never used  no-unused-vars

./src/components/views/Header.js
  Line 10:  Links must not point to "#". Use a more descriptive href or use a button instead  jsx-a11y/href-no-hash

./src/components/views/Footer.js
  Line 2:  'Link' is defined but never used  no-unused-vars

Search for the keywords to learn more about each warning.
To ignore, add // eslint-disable-next-line to the line before.

Compiling...
Compiled with warnings.

./src/components/App.js
  Line 1:   'Component' is defined but never used           no-unused-vars
  Line 2:   'fire' is defined but never used                no-unused-vars
  Line 3:   'logo' is defined but never used                no-unused-vars
  Line 8:   'Switch' is defined but never used              no-unused-vars
  Line 8:   'Route' is defined but never used               no-unused-vars
  Line 8:   'Link' is defined but never used                no-unused-vars
  Line 13:  'bootstrap' is assigned a value but never used  no-unused-vars

./src/components/views/Header.js
  Line 10:  Links must not point to "#". Use a more descriptive href or use a button instead  jsx-a11y/href-no-hash

./src/components/views/Footer.js
  Line 2:  'Link' is defined but never used  no-unused-vars

Search for the keywords to learn more about each warning.
To ignore, add // eslint-disable-next-line to the line before.

Compiling...
Compiled with warnings.

./src/components/App.js
  Line 1:   'Component' is defined but never used           no-unused-vars
  Line 2:   'fire' is defined but never used                no-unused-vars
  Line 3:   'logo' is defined but never used                no-unused-vars
  Line 8:   'Switch' is defined but never used              no-unused-vars
  Line 8:   'Route' is defined but never used               no-unused-vars
  Line 8:   'Link' is defined but never used                no-unused-vars
  Line 13:  'bootstrap' is assigned a value but never used  no-unused-vars

./src/components/views/Header.js
  Line 10:  Links must not point to "#". Use a more descriptive href or use a button instead  jsx-a11y/href-no-hash

./src/components/views/Footer.js
  Line 2:  'Link' is defined but never used  no-unused-vars

Search for the keywords to learn more about each warning.
To ignore, add // eslint-disable-next-line to the line before.

Compiling...
Compiled with warnings.

./src/components/App.js
  Line 1:   'Component' is defined but never used           no-unused-vars
  Line 2:   'fire' is defined but never used                no-unused-vars
  Line 3:   'logo' is defined but never used                no-unused-vars
  Line 8:   'Switch' is defined but never used              no-unused-vars
  Line 8:   'Route' is defined but never used               no-unused-vars
  Line 8:   'Link' is defined but never used                no-unused-vars
  Line 13:  'bootstrap' is assigned a value but never used  no-unused-vars

./src/components/views/Header.js
  Line 10:  Links must not point to "#". Use a more descriptive href or use a button instead  jsx-a11y/href-no-hash

./src/components/views/Footer.js
  Line 2:  'Link' is defined but never used  no-unused-vars

Search for the keywords to learn more about each warning.
To ignore, add // eslint-disable-next-line to the line before.

Compiling...
Compiled with warnings.

./src/components/App.js
  Line 1:   'Component' is defined but never used           no-unused-vars
  Line 2:   'fire' is defined but never used                no-unused-vars
  Line 3:   'logo' is defined but never used                no-unused-vars
  Line 8:   'Switch' is defined but never used              no-unused-vars
  Line 8:   'Route' is defined but never used               no-unused-vars
  Line 8:   'Link' is defined but never used                no-unused-vars
  Line 13:  'bootstrap' is assigned a value but never used  no-unused-vars

./src/components/views/Header.js
  Line 10:  Links must not point to "#". Use a more descriptive href or use a button instead  jsx-a11y/href-no-hash

./src/components/views/Footer.js
  Line 2:  'Link' is defined but never used  no-unused-vars

Search for the keywords to learn more about each warning.
To ignore, add // eslint-disable-next-line to the line before.

Compiling...
Compiled with warnings.

./src/components/App.js
  Line 1:   'Component' is defined but never used           no-unused-vars
  Line 2:   'fire' is defined but never used                no-unused-vars
  Line 3:   'logo' is defined but never used                no-unused-vars
  Line 8:   'Switch' is defined but never used              no-unused-vars
  Line 8:   'Route' is defined but never used               no-unused-vars
  Line 8:   'Link' is defined but never used                no-unused-vars
  Line 13:  'bootstrap' is assigned a value but never used  no-unused-vars

./src/components/views/Footer.js
  Line 2:  'Link' is defined but never used  no-unused-vars

./src/components/views/Header.js
  Line 10:  Links must not point to "#". Use a more descriptive href or use a button instead  jsx-a11y/href-no-hash

Search for the keywords to learn more about each warning.
To ignore, add // eslint-disable-next-line to the line before.

Compiling...
Failed to compile.

./src/components/views/Header.js
Syntax error: Expected corresponding JSX closing tag for <Link> (10:58)

   8 |     <div className="container-fluid">
   9 |       <div className="navbar-header">
> 10 |         <Link to ='/' className="navbar-brand">WebSiteName</a>
     |                                                           ^
  11 |       </div>
  12 |       <ul className="nav navbar-nav">
  13 |         <li className="active"><Link to='/'>Home</Link></li>
Compiling...
Compiled with warnings.

./src/components/App.js
  Line 1:   'Component' is defined but never used           no-unused-vars
  Line 2:   'fire' is defined but never used                no-unused-vars
  Line 3:   'logo' is defined but never used                no-unused-vars
  Line 8:   'Switch' is defined but never used              no-unused-vars
  Line 8:   'Route' is defined but never used               no-unused-vars
  Line 8:   'Link' is defined but never used                no-unused-vars
  Line 13:  'bootstrap' is assigned a value but never used  no-unused-vars

./src/components/views/Footer.js
  Line 2:  'Link' is defined but never used  no-unused-vars

Search for the keywords to learn more about each warning.
To ignore, add // eslint-disable-next-line to the line before.

Compiling...
Compiled with warnings.

./src/components/App.js
  Line 1:   'Component' is defined but never used           no-unused-vars
  Line 2:   'fire' is defined but never used                no-unused-vars
  Line 3:   'logo' is defined but never used                no-unused-vars
  Line 8:   'Switch' is defined but never used              no-unused-vars
  Line 8:   'Route' is defined but never used               no-unused-vars
  Line 8:   'Link' is defined but never used                no-unused-vars
  Line 13:  'bootstrap' is assigned a value but never used  no-unused-vars

./src/components/views/Footer.js
  Line 2:  'Link' is defined but never used  no-unused-vars

Search for the keywords to learn more about each warning.
To ignore, add // eslint-disable-next-line to the line before.

Compiling...
Compiled with warnings.

./src/components/App.js
  Line 1:   'Component' is defined but never used           no-unused-vars
  Line 2:   'fire' is defined but never used                no-unused-vars
  Line 3:   'logo' is defined but never used                no-unused-vars
  Line 8:   'Switch' is defined but never used              no-unused-vars
  Line 8:   'Route' is defined but never used               no-unused-vars
  Line 8:   'Link' is defined but never used                no-unused-vars
  Line 13:  'bootstrap' is assigned a value but never used  no-unused-vars

./src/components/views/Footer.js
  Line 2:  'Link' is defined but never used  no-unused-vars

Search for the keywords to learn more about each warning.
To ignore, add // eslint-disable-next-line to the line before.

Compiling...
Compiled with warnings.

./src/components/App.js
  Line 1:   'Component' is defined but never used           no-unused-vars
  Line 2:   'fire' is defined but never used                no-unused-vars
  Line 3:   'logo' is defined but never used                no-unused-vars
  Line 8:   'Switch' is defined but never used              no-unused-vars
  Line 8:   'Route' is defined but never used               no-unused-vars
  Line 8:   'Link' is defined but never used                no-unused-vars
  Line 13:  'bootstrap' is assigned a value but never used  no-unused-vars

./src/components/views/Footer.js
  Line 2:  'Link' is defined but never used  no-unused-vars

Search for the keywords to learn more about each warning.
To ignore, add // eslint-disable-next-line to the line before.

Compiling...
Compiled with warnings.

./src/components/App.js
  Line 1:   'Component' is defined but never used           no-unused-vars
  Line 2:   'fire' is defined but never used                no-unused-vars
  Line 3:   'logo' is defined but never used                no-unused-vars
  Line 8:   'Switch' is defined but never used              no-unused-vars
  Line 8:   'Route' is defined but never used               no-unused-vars
  Line 8:   'Link' is defined but never used                no-unused-vars
  Line 13:  'bootstrap' is assigned a value but never used  no-unused-vars

./src/components/views/Footer.js
  Line 2:  'Link' is defined but never used  no-unused-vars

Search for the keywords to learn more about each warning.
To ignore, add // eslint-disable-next-line to the line before.

Compiling...
Compiled with warnings.

./src/components/App.js
  Line 1:   'Component' is defined but never used           no-unused-vars
  Line 2:   'fire' is defined but never used                no-unused-vars
  Line 3:   'logo' is defined but never used                no-unused-vars
  Line 8:   'Switch' is defined but never used              no-unused-vars
  Line 8:   'Route' is defined but never used               no-unused-vars
  Line 8:   'Link' is defined but never used                no-unused-vars
  Line 13:  'bootstrap' is assigned a value but never used  no-unused-vars

./src/components/views/Footer.js
  Line 2:  'Link' is defined but never used  no-unused-vars

Search for the keywords to learn more about each warning.
To ignore, add // eslint-disable-next-line to the line before.

Compiling...
Compiled with warnings.

./src/components/App.js
  Line 1:   'Component' is defined but never used           no-unused-vars
  Line 2:   'fire' is defined but never used                no-unused-vars
  Line 3:   'logo' is defined but never used                no-unused-vars
  Line 8:   'Switch' is defined but never used              no-unused-vars
  Line 8:   'Route' is defined but never used               no-unused-vars
  Line 8:   'Link' is defined but never used                no-unused-vars
  Line 13:  'bootstrap' is assigned a value but never used  no-unused-vars

./src/components/views/Footer.js
  Line 2:  'Link' is defined but never used  no-unused-vars

Search for the keywords to learn more about each warning.
To ignore, add // eslint-disable-next-line to the line before.

Compiling...
Compiled with warnings.

./src/components/App.js
  Line 1:   'Component' is defined but never used           no-unused-vars
  Line 2:   'fire' is defined but never used                no-unused-vars
  Line 3:   'logo' is defined but never used                no-unused-vars
  Line 8:   'Switch' is defined but never used              no-unused-vars
  Line 8:   'Route' is defined but never used               no-unused-vars
  Line 8:   'Link' is defined but never used                no-unused-vars
  Line 13:  'bootstrap' is assigned a value but never used  no-unused-vars

./src/components/views/Footer.js
  Line 2:  'Link' is defined but never used  no-unused-vars

Search for the keywords to learn more about each warning.
To ignore, add // eslint-disable-next-line to the line before.

Compiling...
Compiled with warnings.

./src/components/App.js
  Line 1:   'Component' is defined but never used           no-unused-vars
  Line 2:   'fire' is defined but never used                no-unused-vars
  Line 3:   'logo' is defined but never used                no-unused-vars
  Line 8:   'Switch' is defined but never used              no-unused-vars
  Line 8:   'Route' is defined but never used               no-unused-vars
  Line 8:   'Link' is defined but never used                no-unused-vars
  Line 13:  'bootstrap' is assigned a value but never used  no-unused-vars

./src/components/views/Footer.js
  Line 2:  'Link' is defined but never used  no-unused-vars

Search for the keywords to learn more about each warning.
To ignore, add // eslint-disable-next-line to the line before.

Compiling...
Compiled with warnings.

./src/components/App.js
  Line 1:   'Component' is defined but never used           no-unused-vars
  Line 2:   'fire' is defined but never used                no-unused-vars
  Line 3:   'logo' is defined but never used                no-unused-vars
  Line 8:   'Switch' is defined but never used              no-unused-vars
  Line 8:   'Route' is defined but never used               no-unused-vars
  Line 8:   'Link' is defined but never used                no-unused-vars
  Line 13:  'bootstrap' is assigned a value but never used  no-unused-vars

./src/components/views/Footer.js
  Line 2:  'Link' is defined but never used  no-unused-vars

Search for the keywords to learn more about each warning.
To ignore, add // eslint-disable-next-line to the line before.

Compiling...
Compiled with warnings.

./src/components/App.js
  Line 1:   'Component' is defined but never used           no-unused-vars
  Line 2:   'fire' is defined but never used                no-unused-vars
  Line 3:   'logo' is defined but never used                no-unused-vars
  Line 8:   'Switch' is defined but never used              no-unused-vars
  Line 8:   'Route' is defined but never used               no-unused-vars
  Line 8:   'Link' is defined but never used                no-unused-vars
  Line 13:  'bootstrap' is assigned a value but never used  no-unused-vars

./src/components/views/Footer.js
  Line 2:  'Link' is defined but never used  no-unused-vars

Search for the keywords to learn more about each warning.
To ignore, add // eslint-disable-next-line to the line before.

